# JRE version: Java(TM) SE Runtime Environment (7.0_79-b15) (build 1.7.0_79-b15)
# Java VM: Java HotSpot(TM) 64-Bit Server VM (24.79-b02 mixed mode windows-amd64 compressed oops)
Heap
 PSYoungGen      total 140800K, used 18648K [0x00000007d5e00000, 0x00000007e7a00000, 0x0000000800000000)
  eden space 131584K, 7% used [0x00000007d5e00000,0x00000007d67ff990,0x00000007dde80000)
  from space 9216K, 99% used [0x00000007dde80000,0x00000007de77f598,0x00000007de780000)
  to   space 13824K, 0% used [0x00000007e6c80000,0x00000007e6c80000,0x00000007e7a00000)
 ParOldGen       total 86016K, used 10142K [0x0000000781a00000, 0x0000000786e00000, 0x00000007d5e00000)
  object space 86016K, 11% used [0x0000000781a00000,0x00000007823e7888,0x0000000786e00000)
 PSPermGen       total 31232K, used 31132K [0x000000077c800000, 0x000000077e680000, 0x0000000781a00000)
  object space 31232K, 99% used [0x000000077c800000,0x000000077e668158,0x000000077e680000)
GC Heap History (10 events):
Event: 1.545 GC heap before
{Heap before GC invocations=3 (full 0):
 PSYoungGen      total 38400K, used 37988K [0x00000007d5e00000, 0x00000007d8880000, 0x0000000800000000)
  eden space 33280K, 100% used [0x00000007d5e00000,0x00000007d7e80000,0x00000007d7e80000)
  from space 5120K, 91% used [0x00000007d8380000,0x00000007d8819330,0x00000007d8880000)
  to   space 5120K, 0% used [0x00000007d7e80000,0x00000007d7e80000,0x00000007d8380000)
 ParOldGen       total 86016K, used 80K [0x0000000781a00000, 0x0000000786e00000, 0x00000007d5e00000)
  object space 86016K, 0% used [0x0000000781a00000,0x0000000781a14010,0x0000000786e00000)
 PSPermGen       total 21504K, used 11501K [0x000000077c800000, 0x000000077dd00000, 0x0000000781a00000)
  object space 21504K, 53% used [0x000000077c800000,0x000000077d33b720,0x000000077dd00000)
Event: 1.551 GC heap after
Heap after GC invocations=3 (full 0):
 PSYoungGen      total 38400K, used 4539K [0x00000007d5e00000, 0x00000007da900000, 0x0000000800000000)
  eden space 33280K, 0% used [0x00000007d5e00000,0x00000007d5e00000,0x00000007d7e80000)
  from space 5120K, 88% used [0x00000007d7e80000,0x00000007d82eeed8,0x00000007d8380000)
  to   space 5120K, 0% used [0x00000007da400000,0x00000007da400000,0x00000007da900000)
 ParOldGen       total 86016K, used 88K [0x0000000781a00000, 0x0000000786e00000, 0x00000007d5e00000)
  object space 86016K, 0% used [0x0000000781a00000,0x0000000781a16010,0x0000000786e00000)
 PSPermGen       total 21504K, used 11501K [0x000000077c800000, 0x000000077dd00000, 0x0000000781a00000)
  object space 21504K, 53% used [0x000000077c800000,0x000000077d33b720,0x000000077dd00000)
}
Event: 1.913 GC heap before
{Heap before GC invocations=4 (full 0):
 PSYoungGen      total 38400K, used 37819K [0x00000007d5e00000, 0x00000007da900000, 0x0000000800000000)
  eden space 33280K, 100% used [0x00000007d5e00000,0x00000007d7e80000,0x00000007d7e80000)
  from space 5120K, 88% used [0x00000007d7e80000,0x00000007d82eeed8,0x00000007d8380000)
  to   space 5120K, 0% used [0x00000007da400000,0x00000007da400000,0x00000007da900000)
 ParOldGen       total 86016K, used 88K [0x0000000781a00000, 0x0000000786e00000, 0x00000007d5e00000)
  object space 86016K, 0% used [0x0000000781a00000,0x0000000781a16010,0x0000000786e00000)
 PSPermGen       total 21504K, used 13144K [0x000000077c800000, 0x000000077dd00000, 0x0000000781a00000)
  object space 21504K, 61% used [0x000000077c800000,0x000000077d4d62d0,0x000000077dd00000)
Event: 1.919 GC heap after
Heap after GC invocations=4 (full 0):
 PSYoungGen      total 71680K, used 4933K [0x00000007d5e00000, 0x00000007da900000, 0x0000000800000000)
  eden space 66560K, 0% used [0x00000007d5e00000,0x00000007d5e00000,0x00000007d9f00000)
  from space 5120K, 96% used [0x00000007da400000,0x00000007da8d1430,0x00000007da900000)
  to   space 5120K, 0% used [0x00000007d9f00000,0x00000007d9f00000,0x00000007da400000)
 ParOldGen       total 86016K, used 160K [0x0000000781a00000, 0x0000000786e00000, 0x00000007d5e00000)
  object space 86016K, 0% used [0x0000000781a00000,0x0000000781a28020,0x0000000786e00000)
 PSPermGen       total 21504K, used 13144K [0x000000077c800000, 0x000000077dd00000, 0x0000000781a00000)
  object space 21504K, 61% used [0x000000077c800000,0x000000077d4d62d0,0x000000077dd00000)
}
Event: 2.564 GC heap before
{Heap before GC invocations=5 (full 0):
 PSYoungGen      total 71680K, used 71493K [0x00000007d5e00000, 0x00000007da900000, 0x0000000800000000)
  eden space 66560K, 100% used [0x00000007d5e00000,0x00000007d9f00000,0x00000007d9f00000)
  from space 5120K, 96% used [0x00000007da400000,0x00000007da8d1430,0x00000007da900000)
  to   space 5120K, 0% used [0x00000007d9f00000,0x00000007d9f00000,0x00000007da400000)
 ParOldGen       total 86016K, used 160K [0x0000000781a00000, 0x0000000786e00000, 0x00000007d5e00000)
  object space 86016K, 0% used [0x0000000781a00000,0x0000000781a28020,0x0000000786e00000)
 PSPermGen       total 21504K, used 18061K [0x000000077c800000, 0x000000077dd00000, 0x0000000781a00000)
  object space 21504K, 83% used [0x000000077c800000,0x000000077d9a34e8,0x000000077dd00000)
Event: 2.572 GC heap after
Heap after GC invocations=5 (full 0):
 PSYoungGen      total 71680K, used 5112K [0x00000007d5e00000, 0x00000007def00000, 0x0000000800000000)
  eden space 66560K, 0% used [0x00000007d5e00000,0x00000007d5e00000,0x00000007d9f00000)
  from space 5120K, 99% used [0x00000007d9f00000,0x00000007da3fe030,0x00000007da400000)
  to   space 7680K, 0% used [0x00000007de780000,0x00000007de780000,0x00000007def00000)
 ParOldGen       total 86016K, used 2765K [0x0000000781a00000, 0x0000000786e00000, 0x00000007d5e00000)
  object space 86016K, 3% used [0x0000000781a00000,0x0000000781cb3498,0x0000000786e00000)
 PSPermGen       total 21504K, used 18061K [0x000000077c800000, 0x000000077dd00000, 0x0000000781a00000)
  object space 21504K, 83% used [0x000000077c800000,0x000000077d9a34e8,0x000000077dd00000)
}
Event: 3.098 GC heap before
{Heap before GC invocations=6 (full 0):
 PSYoungGen      total 71680K, used 71672K [0x00000007d5e00000, 0x00000007def00000, 0x0000000800000000)
  eden space 66560K, 100% used [0x00000007d5e00000,0x00000007d9f00000,0x00000007d9f00000)
  from space 5120K, 99% used [0x00000007d9f00000,0x00000007da3fe030,0x00000007da400000)
  to   space 7680K, 0% used [0x00000007de780000,0x00000007de780000,0x00000007def00000)
 ParOldGen       total 86016K, used 2765K [0x0000000781a00000, 0x0000000786e00000, 0x00000007d5e00000)
  object space 86016K, 3% used [0x0000000781a00000,0x0000000781cb3498,0x0000000786e00000)
 PSPermGen       total 21504K, used 20956K [0x000000077c800000, 0x000000077dd00000, 0x0000000781a00000)
  object space 21504K, 97% used [0x000000077c800000,0x000000077dc77050,0x000000077dd00000)
Event: 3.110 GC heap after
Heap after GC invocations=6 (full 0):
 PSYoungGen      total 139264K, used 7656K [0x00000007d5e00000, 0x00000007df200000, 0x0000000800000000)
  eden space 131584K, 0% used [0x00000007d5e00000,0x00000007d5e00000,0x00000007dde80000)
  from space 7680K, 99% used [0x00000007de780000,0x00000007deefa398,0x00000007def00000)
  to   space 9216K, 0% used [0x00000007dde80000,0x00000007dde80000,0x00000007de780000)
 ParOldGen       total 86016K, used 3855K [0x0000000781a00000, 0x0000000786e00000, 0x00000007d5e00000)
  object space 86016K, 4% used [0x0000000781a00000,0x0000000781dc3d78,0x0000000786e00000)
 PSPermGen       total 21504K, used 20956K [0x000000077c800000, 0x000000077dd00000, 0x0000000781a00000)
  object space 21504K, 97% used [0x000000077c800000,0x000000077dc77050,0x000000077dd00000)
}
Event: 24.237 GC heap before
{Heap before GC invocations=7 (full 0):
 PSYoungGen      total 139264K, used 139240K [0x00000007d5e00000, 0x00000007df200000, 0x0000000800000000)
  eden space 131584K, 100% used [0x00000007d5e00000,0x00000007dde80000,0x00000007dde80000)
  from space 7680K, 99% used [0x00000007de780000,0x00000007deefa398,0x00000007def00000)
  to   space 9216K, 0% used [0x00000007dde80000,0x00000007dde80000,0x00000007de780000)
 ParOldGen       total 86016K, used 3855K [0x0000000781a00000, 0x0000000786e00000, 0x00000007d5e00000)
  object space 86016K, 4% used [0x0000000781a00000,0x0000000781dc3d78,0x0000000786e00000)
 PSPermGen       total 30720K, used 30469K [0x000000077c800000, 0x000000077e600000, 0x0000000781a00000)
  object space 30720K, 99% used [0x000000077c800000,0x000000077e5c1488,0x000000077e600000)
Event: 24.253 GC heap after
Heap after GC invocations=7 (full 0):
 PSYoungGen      total 140800K, used 9213K [0x00000007d5e00000, 0x00000007e7a00000, 0x0000000800000000)
  eden space 131584K, 0% used [0x00000007d5e00000,0x00000007d5e00000,0x00000007dde80000)
  from space 9216K, 99% used [0x00000007dde80000,0x00000007de77f598,0x00000007de780000)
  to   space 13824K, 0% used [0x00000007e6c80000,0x00000007e6c80000,0x00000007e7a00000)
 ParOldGen       total 86016K, used 10142K [0x0000000781a00000, 0x0000000786e00000, 0x00000007d5e00000)
  object space 86016K, 11% used [0x0000000781a00000,0x00000007823e7888,0x0000000786e00000)
 PSPermGen       total 30720K, used 30469K [0x000000077c800000, 0x000000077e600000, 0x0000000781a00000)
  object space 30720K, 99% used [0x000000077c800000,0x000000077e5c1488,0x000000077e600000)
}

